app/build/intermediates/manifest_merge_blame_file/debug/manifest-merger-blame-debug-report.txt
1<?xml version="1.0" encoding="utf-8"?>
2<manifest xmlns:android="http://schemas.android.com/apk/res/android"
3    package="com.front_end.app"
4    android:versionCode="1"
5    android:versionName="1.0" >
6
7    <uses-sdk
8        android:minSdkVersion="23"
8-->src\main\AndroidManifest.xml
9        android:targetSdkVersion="33" />
9-->src\main\AndroidManifest.xml
10
11    <uses-permission android:name="android.permission.INTERNET" />
11-->src\main\AndroidManifest.xml:3:5-66
11-->src\main\AndroidManifest.xml:3:22-64
12    <uses-permission android:name="android.permission.ACCESS_NETWORK_STATE" />
12-->src\main\AndroidManifest.xml:4:5-78
12-->src\main\AndroidManifest.xml:4:22-76
13
14    <permission
14-->[androidx.core:core:1.9.0] AndroidManifest.xml:22:5-24:47
15        android:name="com.front_end.app.DYNAMIC_RECEIVER_NOT_EXPORTED_PERMISSION"
15-->[androidx.core:core:1.9.0] AndroidManifest.xml:23:9-81
16        android:protectionLevel="signature" />
16-->[androidx.core:core:1.9.0] AndroidManifest.xml:24:9-44
17
18    <uses-permission android:name="com.front_end.app.DYNAMIC_RECEIVER_NOT_EXPORTED_PERMISSION" />
18-->[androidx.core:core:1.9.0] AndroidManifest.xml:26:5-97
18-->[androidx.core:core:1.9.0] AndroidManifest.xml:26:22-94
19
20    <application
20-->src\main\AndroidManifest.xml:5:5-86:19
21        android:name="com.front_end.app.appcomponents.di.MyApp"
21-->src\main\AndroidManifest.xml:8:9-64
22        android:allowBackup="false"
22-->src\main\AndroidManifest.xml:5:18-45
23        android:appComponentFactory="androidx.core.app.CoreComponentFactory"
23-->[androidx.core:core:1.9.0] AndroidManifest.xml:28:18-86
24        android:debuggable="true"
25        android:extractNativeLibs="false"
26        android:icon="@mipmap/ic_launcher"
26-->src\main\AndroidManifest.xml:6:9-43
27        android:label="@string/app_name"
27-->src\main\AndroidManifest.xml:7:9-41
28        android:largeHeap="true"
28-->src\main\AndroidManifest.xml:7:42-66
29        android:roundIcon="@mipmap/ic_launcher_round"
29-->src\main\AndroidManifest.xml:9:9-54
30        android:supportsRtl="true"
30-->src\main\AndroidManifest.xml:10:9-35
31        android:theme="@style/Theme.MyApp"
31-->src\main\AndroidManifest.xml:10:36-70
32        android:usesCleartextTraffic="true" >
32-->src\main\AndroidManifest.xml:10:71-106
33        <activity
33-->src\main\AndroidManifest.xml:11:9-12:117
34            android:name="com.front_end.app.modules.macros.ui.MacrosActivity"
34-->src\main\AndroidManifest.xml:12:13-78
35            android:screenOrientation="portrait" />
35-->src\main\AndroidManifest.xml:12:79-115
36        <activity
36-->src\main\AndroidManifest.xml:13:9-14:113
37            android:name="com.front_end.app.modules.pass.ui.PassActivity"
37-->src\main\AndroidManifest.xml:14:13-74
38            android:screenOrientation="portrait" />
38-->src\main\AndroidManifest.xml:14:75-111
39        <activity
39-->src\main\AndroidManifest.xml:15:9-16:117
40            android:name="com.front_end.app.modules.normal.ui.NormalActivity"
40-->src\main\AndroidManifest.xml:16:13-78
41            android:screenOrientation="portrait" />
41-->src\main\AndroidManifest.xml:16:79-115
42        <activity
42-->src\main\AndroidManifest.xml:17:9-18:113
43            android:name="com.front_end.app.modules.neww.ui.NewwActivity"
43-->src\main\AndroidManifest.xml:18:13-74
44            android:screenOrientation="portrait" />
44-->src\main\AndroidManifest.xml:18:75-111
45        <activity
45-->src\main\AndroidManifest.xml:19:9-20:113
46            android:name="com.front_end.app.modules.work.ui.WorkActivity"
46-->src\main\AndroidManifest.xml:20:13-74
47            android:screenOrientation="portrait" />
47-->src\main\AndroidManifest.xml:20:75-111
48        <activity
48-->src\main\AndroidManifest.xml:21:9-22:115
49            android:name="com.front_end.app.modules.excer.ui.ExcerActivity"
49-->src\main\AndroidManifest.xml:22:13-76
50            android:screenOrientation="portrait" />
50-->src\main\AndroidManifest.xml:22:77-113
51        <activity
51-->src\main\AndroidManifest.xml:23:9-24:123
52            android:name="com.front_end.app.modules.breakfast.ui.BreakfastActivity"
52-->src\main\AndroidManifest.xml:24:13-84
53            android:screenOrientation="portrait" />
53-->src\main\AndroidManifest.xml:24:85-121
54        <activity
54-->src\main\AndroidManifest.xml:25:9-31:20
55            android:name="com.front_end.app.modules.welcomescreen.ui.WelcomeScreenActivity"
55-->src\main\AndroidManifest.xml:26:13-92
56            android:exported="true"
56-->src\main\AndroidManifest.xml:25:19-42
57            android:screenOrientation="portrait" >
57-->src\main\AndroidManifest.xml:26:93-129
58            <intent-filter>
58-->src\main\AndroidManifest.xml:27:13-30:29
59                <action android:name="android.intent.action.MAIN" />
59-->src\main\AndroidManifest.xml:28:17-68
59-->src\main\AndroidManifest.xml:28:25-66
60
61                <category android:name="android.intent.category.LAUNCHER" />
61-->src\main\AndroidManifest.xml:29:17-76
61-->src\main\AndroidManifest.xml:29:27-74
62            </intent-filter>
63        </activity>
64        <activity
64-->src\main\AndroidManifest.xml:32:9-33:117
65            android:name="com.front_end.app.modules.wasted.ui.WastedActivity"
65-->src\main\AndroidManifest.xml:33:13-78
66            android:screenOrientation="portrait" />
66-->src\main\AndroidManifest.xml:33:79-115
67        <activity
67-->src\main\AndroidManifest.xml:34:9-35:113
68            android:name="com.front_end.app.modules.tall.ui.TallActivity"
68-->src\main\AndroidManifest.xml:35:13-74
69            android:screenOrientation="portrait" />
69-->src\main\AndroidManifest.xml:35:75-111
70        <activity
70-->src\main\AndroidManifest.xml:36:9-37:117
71            android:name="com.front_end.app.modules.target.ui.TargetActivity"
71-->src\main\AndroidManifest.xml:37:13-78
72            android:screenOrientation="portrait" />
72-->src\main\AndroidManifest.xml:37:79-115
73        <activity
73-->src\main\AndroidManifest.xml:38:9-39:117
74            android:name="com.front_end.app.modules.dinner.ui.DinnerActivity"
74-->src\main\AndroidManifest.xml:39:13-78
75            android:screenOrientation="portrait" />
75-->src\main\AndroidManifest.xml:39:79-115
76        <activity
76-->src\main\AndroidManifest.xml:40:9-41:111
77            android:name="com.front_end.app.modules.age.ui.AgeActivity"
77-->src\main\AndroidManifest.xml:41:13-72
78            android:screenOrientation="portrait" />
78-->src\main\AndroidManifest.xml:41:73-109
79        <activity
79-->src\main\AndroidManifest.xml:42:9-43:115
80            android:name="com.front_end.app.modules.obese.ui.ObeseActivity"
80-->src\main\AndroidManifest.xml:43:13-76
81            android:screenOrientation="portrait" />
81-->src\main\AndroidManifest.xml:43:77-113
82        <activity
82-->src\main\AndroidManifest.xml:44:9-45:113
83            android:name="com.front_end.app.modules.male.ui.MaleActivity"
83-->src\main\AndroidManifest.xml:45:13-74
84            android:screenOrientation="portrait" />
84-->src\main\AndroidManifest.xml:45:75-111
85        <activity
85-->src\main\AndroidManifest.xml:46:9-47:117
86            android:name="com.front_end.app.modules.weight.ui.WeightActivity"
86-->src\main\AndroidManifest.xml:47:13-78
87            android:screenOrientation="portrait" />
87-->src\main\AndroidManifest.xml:47:79-115
88        <activity
88-->src\main\AndroidManifest.xml:48:9-49:113
89            android:name="com.front_end.app.modules.asex.ui.AsexActivity"
89-->src\main\AndroidManifest.xml:49:13-74
90            android:screenOrientation="portrait" />
90-->src\main\AndroidManifest.xml:49:75-111
91        <activity
91-->src\main\AndroidManifest.xml:50:9-51:133
92            android:name="com.front_end.app.modules.timemanagement.ui.TimeManagementActivity"
92-->src\main\AndroidManifest.xml:51:13-94
93            android:screenOrientation="portrait" />
93-->src\main\AndroidManifest.xml:51:95-131
94        <activity
94-->src\main\AndroidManifest.xml:52:9-53:119
95            android:name="com.front_end.app.modules.journal.ui.JournalActivity"
95-->src\main\AndroidManifest.xml:53:13-80
96            android:screenOrientation="portrait" />
96-->src\main\AndroidManifest.xml:53:81-117
97        <activity
97-->src\main\AndroidManifest.xml:54:9-55:115
98            android:name="com.front_end.app.modules.saved.ui.SavedActivity"
98-->src\main\AndroidManifest.xml:55:13-76
99            android:screenOrientation="portrait" />
99-->src\main\AndroidManifest.xml:55:77-113
100        <activity
100-->src\main\AndroidManifest.xml:56:9-57:117
101            android:name="com.front_end.app.modules.signup.ui.SignUpActivity"
101-->src\main\AndroidManifest.xml:57:13-78
102            android:screenOrientation="portrait" />
102-->src\main\AndroidManifest.xml:57:79-115
103        <activity
103-->src\main\AndroidManifest.xml:58:9-59:115
104            android:name="com.front_end.app.modules.under.ui.UnderActivity"
104-->src\main\AndroidManifest.xml:59:13-76
105            android:screenOrientation="portrait" />
105-->src\main\AndroidManifest.xml:59:77-113
106        <activity
106-->src\main\AndroidManifest.xml:60:9-61:115
107            android:name="com.front_end.app.modules.water.ui.WaterActivity"
107-->src\main\AndroidManifest.xml:61:13-76
108            android:screenOrientation="portrait" />
108-->src\main\AndroidManifest.xml:61:77-113
109        <activity
109-->src\main\AndroidManifest.xml:62:9-63:111
110            android:name="com.front_end.app.modules.bmi.ui.BmiActivity"
110-->src\main\AndroidManifest.xml:63:13-72
111            android:screenOrientation="portrait" />
111-->src\main\AndroidManifest.xml:63:73-109
112        <activity
112-->src\main\AndroidManifest.xml:64:9-65:119
113            android:name="com.front_end.app.modules.details.ui.DetailsActivity"
113-->src\main\AndroidManifest.xml:65:13-80
114            android:screenOrientation="portrait" />
114-->src\main\AndroidManifest.xml:65:81-117
115        <activity
115-->src\main\AndroidManifest.xml:66:9-67:115
116            android:name="com.front_end.app.modules.notes.ui.NotesActivity"
116-->src\main\AndroidManifest.xml:67:13-76
117            android:screenOrientation="portrait" />
117-->src\main\AndroidManifest.xml:67:77-113
118        <activity
118-->src\main\AndroidManifest.xml:68:9-69:113
119            android:name="com.front_end.app.modules.home.ui.HomeActivity"
119-->src\main\AndroidManifest.xml:69:13-74
120            android:screenOrientation="portrait" />
120-->src\main\AndroidManifest.xml:69:75-111
121        <activity
121-->src\main\AndroidManifest.xml:70:9-71:113
122            android:name="com.front_end.app.modules.diet.ui.DietActivity"
122-->src\main\AndroidManifest.xml:71:13-74
123            android:screenOrientation="portrait" />
123-->src\main\AndroidManifest.xml:71:75-111
124        <activity
124-->src\main\AndroidManifest.xml:72:9-73:115
125            android:name="com.front_end.app.modules.carbs.ui.CarbsActivity"
125-->src\main\AndroidManifest.xml:73:13-76
126            android:screenOrientation="portrait" />
126-->src\main\AndroidManifest.xml:73:77-113
127        <activity
127-->src\main\AndroidManifest.xml:74:9-75:115
128            android:name="com.front_end.app.modules.login.ui.LoginActivity"
128-->src\main\AndroidManifest.xml:75:13-76
129            android:screenOrientation="portrait" />
129-->src\main\AndroidManifest.xml:75:77-113
130        <activity
130-->src\main\AndroidManifest.xml:76:9-77:115
131            android:name="com.front_end.app.modules.sched.ui.SchedActivity"
131-->src\main\AndroidManifest.xml:77:13-76
132            android:screenOrientation="portrait" />
132-->src\main\AndroidManifest.xml:77:77-113
133        <activity
133-->src\main\AndroidManifest.xml:78:9-79:115
134            android:name="com.front_end.app.modules.lunch.ui.LunchActivity"
134-->src\main\AndroidManifest.xml:79:13-76
135            android:screenOrientation="portrait" />
135-->src\main\AndroidManifest.xml:79:77-113
136        <activity
136-->src\main\AndroidManifest.xml:80:9-81:119
137            android:name="com.front_end.app.modules.setting.ui.SettingActivity"
137-->src\main\AndroidManifest.xml:81:13-80
138            android:screenOrientation="portrait" />
138-->src\main\AndroidManifest.xml:81:81-117
139        <activity
139-->src\main\AndroidManifest.xml:82:9-83:127
140            android:name="com.front_end.app.modules.loadingpage.ui.LoadingPageActivity"
140-->src\main\AndroidManifest.xml:83:13-88
141            android:screenOrientation="portrait" />
141-->src\main\AndroidManifest.xml:83:89-125
142        <activity
142-->src\main\AndroidManifest.xml:84:9-85:111
143            android:name="com.front_end.app.modules.own.ui.OwnActivity"
143-->src\main\AndroidManifest.xml:85:13-72
144            android:screenOrientation="portrait" />
144-->src\main\AndroidManifest.xml:85:73-109
145
146        <service
146-->[com.google.firebase:firebase-firestore-ktx:23.0.3] AndroidManifest.xml:12:9-18:19
147            android:name="com.google.firebase.components.ComponentDiscoveryService"
147-->[com.google.firebase:firebase-firestore-ktx:23.0.3] AndroidManifest.xml:13:13-84
148            android:directBootAware="true"
148-->[com.google.firebase:firebase-common:20.0.0] AndroidManifest.xml:35:13-43
149            android:exported="false" >
149-->[com.google.firebase:firebase-firestore-ktx:23.0.3] AndroidManifest.xml:14:13-37
150            <meta-data
150-->[com.google.firebase:firebase-firestore-ktx:23.0.3] AndroidManifest.xml:15:13-17:85
151                android:name="com.google.firebase.components:com.google.firebase.firestore.ktx.FirebaseFirestoreKtxRegistrar"
151-->[com.google.firebase:firebase-firestore-ktx:23.0.3] AndroidManifest.xml:16:17-126
152                android:value="com.google.firebase.components.ComponentRegistrar" />
152-->[com.google.firebase:firebase-firestore-ktx:23.0.3] AndroidManifest.xml:17:17-82
153            <meta-data
153-->[com.google.firebase:firebase-common-ktx:20.0.0] AndroidManifest.xml:15:13-17:85
154                android:name="com.google.firebase.components:com.google.firebase.ktx.FirebaseCommonKtxRegistrar"
154-->[com.google.firebase:firebase-common-ktx:20.0.0] AndroidManifest.xml:16:17-113
155                android:value="com.google.firebase.components.ComponentRegistrar" />
155-->[com.google.firebase:firebase-common-ktx:20.0.0] AndroidManifest.xml:17:17-82
156            <meta-data
156-->[com.google.firebase:firebase-firestore:23.0.3] AndroidManifest.xml:20:13-22:85
157                android:name="com.google.firebase.components:com.google.firebase.firestore.FirestoreRegistrar"
157-->[com.google.firebase:firebase-firestore:23.0.3] AndroidManifest.xml:21:17-111
158                android:value="com.google.firebase.components.ComponentRegistrar" />
158-->[com.google.firebase:firebase-firestore:23.0.3] AndroidManifest.xml:22:17-82
159        </service>
160
161        <provider
161-->[com.google.firebase:firebase-common:20.0.0] AndroidManifest.xml:26:9-31:39
162            android:name="com.google.firebase.provider.FirebaseInitProvider"
162-->[com.google.firebase:firebase-common:20.0.0] AndroidManifest.xml:27:13-77
163            android:authorities="com.front_end.app.firebaseinitprovider"
163-->[com.google.firebase:firebase-common:20.0.0] AndroidManifest.xml:28:13-72
164            android:directBootAware="true"
164-->[com.google.firebase:firebase-common:20.0.0] AndroidManifest.xml:29:13-43
165            android:exported="false"
165-->[com.google.firebase:firebase-common:20.0.0] AndroidManifest.xml:30:13-37
166            android:initOrder="100" />
166-->[com.google.firebase:firebase-common:20.0.0] AndroidManifest.xml:31:13-36
167
168        <activity
168-->[com.google.android.gms:play-services-base:17.0.0] AndroidManifest.xml:23:9-26:75
169            android:name="com.google.android.gms.common.api.GoogleApiActivity"
169-->[com.google.android.gms:play-services-base:17.0.0] AndroidManifest.xml:24:13-79
170            android:exported="false"
170-->[com.google.android.gms:play-services-base:17.0.0] AndroidManifest.xml:25:13-37
171            android:theme="@android:style/Theme.Translucent.NoTitleBar" />
171-->[com.google.android.gms:play-services-base:17.0.0] AndroidManifest.xml:26:13-72
172
173        <meta-data
173-->[com.google.android.gms:play-services-basement:17.0.0] AndroidManifest.xml:23:9-25:69
174            android:name="com.google.android.gms.version"
174-->[com.google.android.gms:play-services-basement:17.0.0] AndroidManifest.xml:24:13-58
175            android:value="@integer/google_play_services_version" />
175-->[com.google.android.gms:play-services-basement:17.0.0] AndroidManifest.xml:25:13-66
176
177        <provider
177-->[androidx.emoji2:emoji2:1.2.0] AndroidManifest.xml:24:9-32:20
178            android:name="androidx.startup.InitializationProvider"
178-->[androidx.emoji2:emoji2:1.2.0] AndroidManifest.xml:25:13-67
179            android:authorities="com.front_end.app.androidx-startup"
179-->[androidx.emoji2:emoji2:1.2.0] AndroidManifest.xml:26:13-68
180            android:exported="false" >
180-->[androidx.emoji2:emoji2:1.2.0] AndroidManifest.xml:27:13-37
181            <meta-data
181-->[androidx.emoji2:emoji2:1.2.0] AndroidManifest.xml:29:13-31:52
182                android:name="androidx.emoji2.text.EmojiCompatInitializer"
182-->[androidx.emoji2:emoji2:1.2.0] AndroidManifest.xml:30:17-75
183                android:value="androidx.startup" />
183-->[androidx.emoji2:emoji2:1.2.0] AndroidManifest.xml:31:17-49
184            <meta-data
184-->[androidx.lifecycle:lifecycle-process:2.4.1] AndroidManifest.xml:31:13-33:52
185                android:name="androidx.lifecycle.ProcessLifecycleInitializer"
185-->[androidx.lifecycle:lifecycle-process:2.4.1] AndroidManifest.xml:32:17-78
186                android:value="androidx.startup" />
186-->[androidx.lifecycle:lifecycle-process:2.4.1] AndroidManifest.xml:33:17-49
187        </provider>
188    </application>
189
190</manifest>